Flow report for proyecto
Tue May 21 22:20:06 2024
Quartus II 64-Bit Version 13.0.1 Build 232 06/12/2013 Service Pack 1 SJ Web Edition


---------------------
; Table of Contents ;
---------------------
  1. Legal Notice
  2. Flow Summary
  3. Flow Settings
  4. Flow Non-Default Global Settings
  5. Flow Elapsed Time
  6. Flow OS Summary
  7. Flow Log
  8. Flow Messages
  9. Flow Suppressed Messages



----------------
; Legal Notice ;
----------------
Copyright (C) 1991-2013 Altera Corporation
Your use of Altera Corporation's design tools, logic functions 
and other software and tools, and its AMPP partner logic 
functions, and any output files from any of the foregoing 
(including device programming or simulation files), and any 
associated documentation or information are expressly subject 
to the terms and conditions of the Altera Program License 
Subscription Agreement, Altera MegaCore Function License 
Agreement, or other applicable license agreement, including, 
without limitation, that your use is for the sole purpose of 
programming logic devices manufactured by Altera and sold by 
Altera or its authorized distributors.  Please refer to the 
applicable agreement for further details.



+--------------------------------------------------------------------------------------+
; Flow Summary                                                                         ;
+------------------------------------+-------------------------------------------------+
; Flow Status                        ; Successful - Tue May 21 22:20:06 2024           ;
; Quartus II 64-Bit Version          ; 13.0.1 Build 232 06/12/2013 SP 1 SJ Web Edition ;
; Revision Name                      ; proyecto                                        ;
; Top-level Entity Name              ; Pastillero                                      ;
; Family                             ; Cyclone III                                     ;
; Total logic elements               ; 65 / 5,136 ( 1 % )                              ;
;     Total combinational functions  ; 58 / 5,136 ( 1 % )                              ;
;     Dedicated logic registers      ; 48 / 5,136 ( < 1 % )                            ;
; Total registers                    ; 48                                              ;
; Total pins                         ; 21 / 183 ( 11 % )                               ;
; Total virtual pins                 ; 0                                               ;
; Total memory bits                  ; 0 / 423,936 ( 0 % )                             ;
; Embedded Multiplier 9-bit elements ; 0 / 46 ( 0 % )                                  ;
; Total PLLs                         ; 0 / 2 ( 0 % )                                   ;
; Device                             ; EP3C5F256C6                                     ;
; Timing Models                      ; Final                                           ;
+------------------------------------+-------------------------------------------------+


+-----------------------------------------+
; Flow Settings                           ;
+-------------------+---------------------+
; Option            ; Setting             ;
+-------------------+---------------------+
; Start date & time ; 05/21/2024 19:56:59 ;
; Main task         ; Compilation         ;
; Revision Name     ; proyecto            ;
+-------------------+---------------------+


+----------------------------------------------------------------------------------------------------------------------+
; Flow Non-Default Global Settings                                                                                     ;
+-------------------------------------+---------------------------------+---------------+-------------+----------------+
; Assignment Name                     ; Value                           ; Default Value ; Entity Name ; Section Id     ;
+-------------------------------------+---------------------------------+---------------+-------------+----------------+
; COMPILER_SIGNATURE_ID               ; 237901792353627.171634301925076 ; --            ; --          ; --             ;
; EDA_GENERATE_FUNCTIONAL_NETLIST     ; On                              ; --            ; --          ; eda_simulation ;
; EDA_OUTPUT_DATA_FORMAT              ; Verilog Hdl                     ; --            ; --          ; eda_simulation ;
; EDA_SIMULATION_TOOL                 ; ModelSim-Altera (Verilog)       ; <None>        ; --          ; --             ;
; PARTITION_COLOR                     ; 16764057                        ; --            ; Pastillero  ; Top            ;
; PARTITION_FITTER_PRESERVATION_LEVEL ; PLACEMENT_AND_ROUTING           ; --            ; Pastillero  ; Top            ;
; PARTITION_NETLIST_TYPE              ; SOURCE                          ; --            ; Pastillero  ; Top            ;
; PROJECT_OUTPUT_DIRECTORY            ; output_files                    ; --            ; --          ; --             ;
; TOP_LEVEL_ENTITY                    ; Pastillero                      ; proyecto      ; --          ; --             ;
+-------------------------------------+---------------------------------+---------------+-------------+----------------+


+-------------------------------------------------------------------------------------------------------------------------------+
; Flow Elapsed Time                                                                                                             ;
+---------------------------+--------------+-------------------------+---------------------+------------------------------------+
; Module Name               ; Elapsed Time ; Average Processors Used ; Peak Virtual Memory ; Total CPU Time (on all processors) ;
+---------------------------+--------------+-------------------------+---------------------+------------------------------------+
; Analysis & Synthesis      ; 00:00:02     ; 1.0                     ; 4576 MB             ; 00:00:00                           ;
; Fitter                    ; 00:00:05     ; 1.0                     ; 4898 MB             ; 00:00:01                           ;
; Assembler                 ; 00:00:01     ; 1.0                     ; 4540 MB             ; 00:00:00                           ;
; TimeQuest Timing Analyzer ; 00:00:02     ; 1.0                     ; 4575 MB             ; 00:00:00                           ;
; EDA Netlist Writer        ; 00:00:00     ; 1.0                     ; 4496 MB             ; 00:00:00                           ;
; EDA Netlist Writer        ; 00:00:01     ; 1.0                     ; 4498 MB             ; 00:00:00                           ;
; EDA Netlist Writer        ; 00:00:01     ; 1.0                     ; 4503 MB             ; 00:00:00                           ;
; EDA Netlist Writer        ; 00:00:01     ; 1.0                     ; 4498 MB             ; 00:00:00                           ;
; EDA Netlist Writer        ; 00:00:00     ; 1.0                     ; 4503 MB             ; 00:00:00                           ;
; EDA Netlist Writer        ; 00:00:01     ; 1.0                     ; 4498 MB             ; 00:00:00                           ;
; EDA Netlist Writer        ; 00:00:00     ; 1.0                     ; 4503 MB             ; 00:00:00                           ;
; EDA Netlist Writer        ; 00:00:01     ; 1.0                     ; 4498 MB             ; 00:00:00                           ;
; EDA Netlist Writer        ; 00:00:01     ; 1.0                     ; 4503 MB             ; 00:00:00                           ;
; EDA Netlist Writer        ; 00:00:00     ; 1.0                     ; 4498 MB             ; 00:00:00                           ;
; EDA Netlist Writer        ; 00:00:01     ; 1.0                     ; 4503 MB             ; 00:00:00                           ;
; EDA Netlist Writer        ; 00:00:00     ; 1.0                     ; 4498 MB             ; 00:00:00                           ;
; EDA Netlist Writer        ; 00:00:01     ; 1.0                     ; 4503 MB             ; 00:00:00                           ;
; EDA Netlist Writer        ; 00:00:00     ; 1.0                     ; 4498 MB             ; 00:00:00                           ;
; EDA Netlist Writer        ; 00:00:01     ; 1.0                     ; 4503 MB             ; 00:00:00                           ;
; EDA Netlist Writer        ; 00:00:00     ; 1.0                     ; 4498 MB             ; 00:00:00                           ;
; EDA Netlist Writer        ; 00:00:01     ; 1.0                     ; 4504 MB             ; 00:00:00                           ;
; EDA Netlist Writer        ; 00:00:01     ; 1.0                     ; 4498 MB             ; 00:00:00                           ;
; EDA Netlist Writer        ; 00:00:00     ; 1.0                     ; 4503 MB             ; 00:00:00                           ;
; EDA Netlist Writer        ; 00:00:00     ; 1.0                     ; 4498 MB             ; 00:00:00                           ;
; EDA Netlist Writer        ; 00:00:00     ; 1.0                     ; 4503 MB             ; 00:00:00                           ;
; EDA Netlist Writer        ; 00:00:01     ; 1.0                     ; 4498 MB             ; 00:00:00                           ;
; EDA Netlist Writer        ; 00:00:00     ; 1.0                     ; 4503 MB             ; 00:00:00                           ;
; EDA Netlist Writer        ; 00:00:00     ; 1.0                     ; 4498 MB             ; 00:00:00                           ;
; EDA Netlist Writer        ; 00:00:01     ; 1.0                     ; 4503 MB             ; 00:00:00                           ;
; EDA Netlist Writer        ; 00:00:01     ; 1.0                     ; 4498 MB             ; 00:00:00                           ;
; EDA Netlist Writer        ; 00:00:00     ; 1.0                     ; 4503 MB             ; 00:00:00                           ;
; EDA Netlist Writer        ; 00:00:00     ; 1.0                     ; 4498 MB             ; 00:00:00                           ;
; EDA Netlist Writer        ; 00:00:00     ; 1.0                     ; 4503 MB             ; 00:00:00                           ;
; EDA Netlist Writer        ; 00:00:01     ; 1.0                     ; 4498 MB             ; 00:00:00                           ;
; EDA Netlist Writer        ; 00:00:00     ; 1.0                     ; 4514 MB             ; 00:00:00                           ;
; EDA Netlist Writer        ; 00:00:01     ; 1.0                     ; 4509 MB             ; 00:00:00                           ;
; EDA Netlist Writer        ; 00:00:00     ; 1.0                     ; 4514 MB             ; 00:00:00                           ;
; EDA Netlist Writer        ; 00:00:00     ; 1.0                     ; 4509 MB             ; 00:00:00                           ;
; EDA Netlist Writer        ; 00:00:01     ; 1.0                     ; 4514 MB             ; 00:00:00                           ;
; EDA Netlist Writer        ; 00:00:00     ; 1.0                     ; 4509 MB             ; 00:00:00                           ;
; EDA Netlist Writer        ; 00:00:01     ; 1.0                     ; 4503 MB             ; 00:00:00                           ;
; EDA Netlist Writer        ; 00:00:01     ; 1.0                     ; 4509 MB             ; 00:00:00                           ;
; EDA Netlist Writer        ; 00:00:00     ; 1.0                     ; 4509 MB             ; 00:00:00                           ;
; EDA Netlist Writer        ; 00:00:00     ; 1.0                     ; 4509 MB             ; 00:00:00                           ;
; EDA Netlist Writer        ; 00:00:01     ; 1.0                     ; 4509 MB             ; 00:00:00                           ;
; EDA Netlist Writer        ; 00:00:00     ; 1.0                     ; 4509 MB             ; 00:00:00                           ;
; EDA Netlist Writer        ; 00:00:01     ; 1.0                     ; 4509 MB             ; 00:00:00                           ;
; EDA Netlist Writer        ; 00:00:01     ; 1.0                     ; 4509 MB             ; 00:00:00                           ;
; EDA Netlist Writer        ; 00:00:01     ; 1.0                     ; 4509 MB             ; 00:00:00                           ;
; EDA Netlist Writer        ; 00:00:01     ; 1.0                     ; 4509 MB             ; 00:00:00                           ;
; EDA Netlist Writer        ; 00:00:00     ; 1.0                     ; 4509 MB             ; 00:00:00                           ;
; EDA Netlist Writer        ; 00:00:00     ; 1.0                     ; 4509 MB             ; 00:00:00                           ;
; EDA Netlist Writer        ; 00:00:01     ; 1.0                     ; 4509 MB             ; 00:00:00                           ;
; EDA Netlist Writer        ; 00:00:01     ; 1.0                     ; 4509 MB             ; 00:00:00                           ;
; EDA Netlist Writer        ; 00:00:00     ; 1.0                     ; 4509 MB             ; 00:00:00                           ;
; EDA Netlist Writer        ; 00:00:00     ; 1.0                     ; 4509 MB             ; 00:00:00                           ;
; EDA Netlist Writer        ; 00:00:01     ; 1.0                     ; 4509 MB             ; 00:00:00                           ;
; EDA Netlist Writer        ; 00:00:00     ; 1.0                     ; 4509 MB             ; 00:00:00                           ;
; EDA Netlist Writer        ; 00:00:01     ; 1.0                     ; 4509 MB             ; 00:00:00                           ;
; EDA Netlist Writer        ; 00:00:00     ; 1.0                     ; 4509 MB             ; 00:00:00                           ;
; EDA Netlist Writer        ; 00:00:01     ; 1.0                     ; 4509 MB             ; 00:00:00                           ;
; EDA Netlist Writer        ; 00:00:00     ; 1.0                     ; 4509 MB             ; 00:00:00                           ;
; EDA Netlist Writer        ; 00:00:00     ; 1.0                     ; 4509 MB             ; 00:00:00                           ;
; Total                     ; 00:00:39     ; --                      ; --                  ; 00:00:01                           ;
+---------------------------+--------------+-------------------------+---------------------+------------------------------------+


+----------------------------------------------------------------------------------------+
; Flow OS Summary                                                                        ;
+---------------------------+------------------+-----------+------------+----------------+
; Module Name               ; Machine Hostname ; OS Name   ; OS Version ; Processor type ;
+---------------------------+------------------+-----------+------------+----------------+
; Analysis & Synthesis      ; Madri-PC1        ; Windows 7 ; 6.2        ; x86_64         ;
; Fitter                    ; Madri-PC1        ; Windows 7 ; 6.2        ; x86_64         ;
; Assembler                 ; Madri-PC1        ; Windows 7 ; 6.2        ; x86_64         ;
; TimeQuest Timing Analyzer ; Madri-PC1        ; Windows 7 ; 6.2        ; x86_64         ;
; EDA Netlist Writer        ; Madri-PC1        ; Windows 7 ; 6.2        ; x86_64         ;
; EDA Netlist Writer        ; Madri-PC1        ; Windows 7 ; 6.2        ; x86_64         ;
; EDA Netlist Writer        ; Madri-PC1        ; Windows 7 ; 6.2        ; x86_64         ;
; EDA Netlist Writer        ; Madri-PC1        ; Windows 7 ; 6.2        ; x86_64         ;
; EDA Netlist Writer        ; Madri-PC1        ; Windows 7 ; 6.2        ; x86_64         ;
; EDA Netlist Writer        ; Madri-PC1        ; Windows 7 ; 6.2        ; x86_64         ;
; EDA Netlist Writer        ; Madri-PC1        ; Windows 7 ; 6.2        ; x86_64         ;
; EDA Netlist Writer        ; Madri-PC1        ; Windows 7 ; 6.2        ; x86_64         ;
; EDA Netlist Writer        ; Madri-PC1        ; Windows 7 ; 6.2        ; x86_64         ;
; EDA Netlist Writer        ; Madri-PC1        ; Windows 7 ; 6.2        ; x86_64         ;
; EDA Netlist Writer        ; Madri-PC1        ; Windows 7 ; 6.2        ; x86_64         ;
; EDA Netlist Writer        ; Madri-PC1        ; Windows 7 ; 6.2        ; x86_64         ;
; EDA Netlist Writer        ; Madri-PC1        ; Windows 7 ; 6.2        ; x86_64         ;
; EDA Netlist Writer        ; Madri-PC1        ; Windows 7 ; 6.2        ; x86_64         ;
; EDA Netlist Writer        ; Madri-PC1        ; Windows 7 ; 6.2        ; x86_64         ;
; EDA Netlist Writer        ; Madri-PC1        ; Windows 7 ; 6.2        ; x86_64         ;
; EDA Netlist Writer        ; Madri-PC1        ; Windows 7 ; 6.2        ; x86_64         ;
; EDA Netlist Writer        ; Madri-PC1        ; Windows 7 ; 6.2        ; x86_64         ;
; EDA Netlist Writer        ; Madri-PC1        ; Windows 7 ; 6.2        ; x86_64         ;
; EDA Netlist Writer        ; Madri-PC1        ; Windows 7 ; 6.2        ; x86_64         ;
; EDA Netlist Writer        ; Madri-PC1        ; Windows 7 ; 6.2        ; x86_64         ;
; EDA Netlist Writer        ; Madri-PC1        ; Windows 7 ; 6.2        ; x86_64         ;
; EDA Netlist Writer        ; Madri-PC1        ; Windows 7 ; 6.2        ; x86_64         ;
; EDA Netlist Writer        ; Madri-PC1        ; Windows 7 ; 6.2        ; x86_64         ;
; EDA Netlist Writer        ; Madri-PC1        ; Windows 7 ; 6.2        ; x86_64         ;
; EDA Netlist Writer        ; Madri-PC1        ; Windows 7 ; 6.2        ; x86_64         ;
; EDA Netlist Writer        ; Madri-PC1        ; Windows 7 ; 6.2        ; x86_64         ;
; EDA Netlist Writer        ; Madri-PC1        ; Windows 7 ; 6.2        ; x86_64         ;
; EDA Netlist Writer        ; Madri-PC1        ; Windows 7 ; 6.2        ; x86_64         ;
; EDA Netlist Writer        ; Madri-PC1        ; Windows 7 ; 6.2        ; x86_64         ;
; EDA Netlist Writer        ; Madri-PC1        ; Windows 7 ; 6.2        ; x86_64         ;
; EDA Netlist Writer        ; Madri-PC1        ; Windows 7 ; 6.2        ; x86_64         ;
; EDA Netlist Writer        ; Madri-PC1        ; Windows 7 ; 6.2        ; x86_64         ;
; EDA Netlist Writer        ; Madri-PC1        ; Windows 7 ; 6.2        ; x86_64         ;
; EDA Netlist Writer        ; Madri-PC1        ; Windows 7 ; 6.2        ; x86_64         ;
; EDA Netlist Writer        ; Madri-PC1        ; Windows 7 ; 6.2        ; x86_64         ;
; EDA Netlist Writer        ; Madri-PC1        ; Windows 7 ; 6.2        ; x86_64         ;
; EDA Netlist Writer        ; Madri-PC1        ; Windows 7 ; 6.2        ; x86_64         ;
; EDA Netlist Writer        ; Madri-PC1        ; Windows 7 ; 6.2        ; x86_64         ;
; EDA Netlist Writer        ; Madri-PC1        ; Windows 7 ; 6.2        ; x86_64         ;
; EDA Netlist Writer        ; Madri-PC1        ; Windows 7 ; 6.2        ; x86_64         ;
; EDA Netlist Writer        ; Madri-PC1        ; Windows 7 ; 6.2        ; x86_64         ;
; EDA Netlist Writer        ; Madri-PC1        ; Windows 7 ; 6.2        ; x86_64         ;
; EDA Netlist Writer        ; Madri-PC1        ; Windows 7 ; 6.2        ; x86_64         ;
; EDA Netlist Writer        ; Madri-PC1        ; Windows 7 ; 6.2        ; x86_64         ;
; EDA Netlist Writer        ; Madri-PC1        ; Windows 7 ; 6.2        ; x86_64         ;
; EDA Netlist Writer        ; Madri-PC1        ; Windows 7 ; 6.2        ; x86_64         ;
; EDA Netlist Writer        ; Madri-PC1        ; Windows 7 ; 6.2        ; x86_64         ;
; EDA Netlist Writer        ; Madri-PC1        ; Windows 7 ; 6.2        ; x86_64         ;
; EDA Netlist Writer        ; Madri-PC1        ; Windows 7 ; 6.2        ; x86_64         ;
; EDA Netlist Writer        ; Madri-PC1        ; Windows 7 ; 6.2        ; x86_64         ;
; EDA Netlist Writer        ; Madri-PC1        ; Windows 7 ; 6.2        ; x86_64         ;
; EDA Netlist Writer        ; Madri-PC1        ; Windows 7 ; 6.2        ; x86_64         ;
; EDA Netlist Writer        ; Madri-PC1        ; Windows 7 ; 6.2        ; x86_64         ;
; EDA Netlist Writer        ; Madri-PC1        ; Windows 7 ; 6.2        ; x86_64         ;
; EDA Netlist Writer        ; Madri-PC1        ; Windows 7 ; 6.2        ; x86_64         ;
; EDA Netlist Writer        ; Madri-PC1        ; Windows 7 ; 6.2        ; x86_64         ;
; EDA Netlist Writer        ; Madri-PC1        ; Windows 7 ; 6.2        ; x86_64         ;
; EDA Netlist Writer        ; Madri-PC1        ; Windows 7 ; 6.2        ; x86_64         ;
+---------------------------+------------------+-----------+------------+----------------+


------------
; Flow Log ;
------------
quartus_map --read_settings_files=on --write_settings_files=off proyecto -c proyecto
quartus_fit --read_settings_files=off --write_settings_files=off proyecto -c proyecto
quartus_asm --read_settings_files=off --write_settings_files=off proyecto -c proyecto
quartus_sta proyecto -c proyecto
quartus_eda --read_settings_files=off --write_settings_files=off proyecto -c proyecto
quartus_eda --gen_testbench --check_outputs=on --tool=modelsim_oem --format=verilog proyecto -c proyecto --vector_source="D:/Escritorio/Sistemas_Digitales_2024-II/Clases/Proyecto Final/Pastillero.vwf" --testbench_file=./simulation/qsim/proyecto.vt
quartus_eda --functional=on --simulation=on --tool=modelsim_oem --format=verilog proyecto -c proyecto
quartus_eda --gen_testbench --check_outputs=on --tool=modelsim_oem --format=verilog proyecto -c proyecto --vector_source="D:/Escritorio/Sistemas_Digitales_2024-II/Clases/Proyecto Final/Pastillero.vwf" --testbench_file=./simulation/qsim/proyecto.vt
quartus_eda --functional=on --simulation=on --tool=modelsim_oem --format=verilog proyecto -c proyecto
quartus_eda --gen_testbench --check_outputs=on --tool=modelsim_oem --format=verilog proyecto -c proyecto --vector_source="D:/Escritorio/Sistemas_Digitales_2024-II/Clases/Proyecto Final/Pastillero.vwf" --testbench_file=./simulation/qsim/proyecto.vt
quartus_eda --functional=on --simulation=on --tool=modelsim_oem --format=verilog proyecto -c proyecto
quartus_eda --gen_testbench --check_outputs=on --tool=modelsim_oem --format=verilog proyecto -c proyecto --vector_source="D:/Escritorio/Sistemas_Digitales_2024-II/Clases/Proyecto Final/Pastillero.vwf" --testbench_file=./simulation/qsim/proyecto.vt
quartus_eda --functional=on --simulation=on --tool=modelsim_oem --format=verilog proyecto -c proyecto
quartus_eda --gen_testbench --check_outputs=on --tool=modelsim_oem --format=verilog proyecto -c proyecto --vector_source="D:/Escritorio/Sistemas_Digitales_2024-II/Clases/Proyecto Final/Pastillero.vwf" --testbench_file=./simulation/qsim/proyecto.vt
quartus_eda --functional=on --simulation=on --tool=modelsim_oem --format=verilog proyecto -c proyecto
quartus_eda --gen_testbench --check_outputs=on --tool=modelsim_oem --format=verilog proyecto -c proyecto --vector_source="D:/Escritorio/Sistemas_Digitales_2024-II/Clases/Proyecto Final/WXYZ.vwf" --testbench_file=./simulation/qsim/proyecto.vt
quartus_eda --functional=on --simulation=on --tool=modelsim_oem --format=verilog proyecto -c proyecto
quartus_eda --gen_testbench --check_outputs=on --tool=modelsim_oem --format=verilog proyecto -c proyecto --vector_source="D:/Escritorio/Sistemas_Digitales_2024-II/Clases/Proyecto Final/WXYZ.vwf" --testbench_file=./simulation/qsim/proyecto.vt
quartus_eda --functional=on --simulation=on --tool=modelsim_oem --format=verilog proyecto -c proyecto
quartus_eda --gen_testbench --check_outputs=on --tool=modelsim_oem --format=verilog proyecto -c proyecto --vector_source="D:/Escritorio/Sistemas_Digitales_2024-II/Clases/Proyecto Final/W.vwf" --testbench_file=./simulation/qsim/proyecto.vt
quartus_eda --functional=on --simulation=on --tool=modelsim_oem --format=verilog proyecto -c proyecto
quartus_eda --gen_testbench --check_outputs=on --tool=modelsim_oem --format=verilog proyecto -c proyecto --vector_source="D:/Escritorio/Sistemas_Digitales_2024-II/Clases/Proyecto Final/X.vwf" --testbench_file=./simulation/qsim/proyecto.vt
quartus_eda --functional=on --simulation=on --tool=modelsim_oem --format=verilog proyecto -c proyecto
quartus_eda --gen_testbench --check_outputs=on --tool=modelsim_oem --format=verilog proyecto -c proyecto --vector_source="D:/Escritorio/Sistemas_Digitales_2024-II/Clases/Proyecto Final/W.vwf" --testbench_file=./simulation/qsim/proyecto.vt
quartus_eda --functional=on --simulation=on --tool=modelsim_oem --format=verilog proyecto -c proyecto
quartus_eda --gen_testbench --check_outputs=on --tool=modelsim_oem --format=verilog proyecto -c proyecto --vector_source="D:/Escritorio/Sistemas_Digitales_2024-II/Clases/Proyecto Final/Y.vwf" --testbench_file=./simulation/qsim/proyecto.vt
quartus_eda --functional=on --simulation=on --tool=modelsim_oem --format=verilog proyecto -c proyecto
quartus_eda --gen_testbench --check_outputs=on --tool=modelsim_oem --format=verilog proyecto -c proyecto --vector_source="D:/Escritorio/Sistemas_Digitales_2024-II/Clases/Proyecto Final/W.vwf" --testbench_file=./simulation/qsim/proyecto.vt
quartus_eda --functional=on --simulation=on --tool=modelsim_oem --format=verilog proyecto -c proyecto
quartus_eda --gen_testbench --check_outputs=on --tool=modelsim_oem --format=verilog proyecto -c proyecto --vector_source="D:/Escritorio/Sistemas_Digitales_2024-II/Clases/Proyecto Final/W.vwf" --testbench_file=./simulation/qsim/proyecto.vt
quartus_eda --functional=on --simulation=on --tool=modelsim_oem --format=verilog proyecto -c proyecto
quartus_eda --gen_testbench --check_outputs=on --tool=modelsim_oem --format=verilog proyecto -c proyecto --vector_source="D:/Escritorio/Sistemas_Digitales_2024-II/Clases/Proyecto Final/W.vwf" --testbench_file=./simulation/qsim/proyecto.vt
quartus_eda --functional=on --simulation=on --tool=modelsim_oem --format=verilog proyecto -c proyecto
quartus_eda --gen_testbench --check_outputs=on --tool=modelsim_oem --format=verilog proyecto -c proyecto --vector_source="D:/Escritorio/Sistemas_Digitales_2024-II/Clases/Proyecto Final/W.vwf" --testbench_file=./simulation/qsim/proyecto.vt
quartus_eda --functional=on --simulation=on --tool=modelsim_oem --format=verilog proyecto -c proyecto
quartus_eda --gen_testbench --check_outputs=on --tool=modelsim_oem --format=verilog proyecto -c proyecto --vector_source="D:/Escritorio/Sistemas_Digitales_2024-II/Clases/Proyecto Final/W.vwf" --testbench_file=./simulation/qsim/proyecto.vt
quartus_eda --functional=on --simulation=on --tool=modelsim_oem --format=verilog proyecto -c proyecto
quartus_eda --gen_testbench --check_outputs=on --tool=modelsim_oem --format=verilog proyecto -c proyecto --vector_source="D:/Escritorio/Sistemas_Digitales_2024-II/Clases/Proyecto Final/W.vwf" --testbench_file=./simulation/qsim/proyecto.vt
quartus_eda --functional=on --simulation=on --tool=modelsim_oem --format=verilog proyecto -c proyecto
quartus_eda --gen_testbench --check_outputs=on --tool=modelsim_oem --format=verilog proyecto -c proyecto --vector_source="D:/Escritorio/Sistemas_Digitales_2024-II/Clases/Proyecto Final/W.vwf" --testbench_file=./simulation/qsim/proyecto.vt
quartus_eda --functional=on --simulation=on --tool=modelsim_oem --format=verilog proyecto -c proyecto
quartus_eda --gen_testbench --check_outputs=on --tool=modelsim_oem --format=verilog proyecto -c proyecto --vector_source="D:/Escritorio/Sistemas_Digitales_2024-II/Clases/Proyecto Final/W.vwf" --testbench_file=./simulation/qsim/proyecto.vt
quartus_eda --functional=on --simulation=on --tool=modelsim_oem --format=verilog proyecto -c proyecto
quartus_eda --gen_testbench --check_outputs=on --tool=modelsim_oem --format=verilog proyecto -c proyecto --vector_source="D:/Escritorio/Sistemas_Digitales_2024-II/Clases/Proyecto Final/W.vwf" --testbench_file=./simulation/qsim/proyecto.vt
quartus_eda --functional=on --simulation=on --tool=modelsim_oem --format=verilog proyecto -c proyecto
quartus_eda --gen_testbench --check_outputs=on --tool=modelsim_oem --format=verilog proyecto -c proyecto --vector_source="D:/Escritorio/Sistemas_Digitales_2024-II/Clases/Proyecto Final/W.vwf" --testbench_file=./simulation/qsim/proyecto.vt
quartus_eda --functional=on --simulation=on --tool=modelsim_oem --format=verilog proyecto -c proyecto
quartus_eda --gen_testbench --check_outputs=on --tool=modelsim_oem --format=verilog proyecto -c proyecto --vector_source="D:/Escritorio/Sistemas_Digitales_2024-II/Clases/Proyecto Final/W.vwf" --testbench_file=./simulation/qsim/proyecto.vt
quartus_eda --functional=on --simulation=on --tool=modelsim_oem --format=verilog proyecto -c proyecto
quartus_eda --gen_testbench --check_outputs=on --tool=modelsim_oem --format=verilog proyecto -c proyecto --vector_source="D:/Escritorio/Sistemas_Digitales_2024-II/Clases/Proyecto Final/Reset.vwf" --testbench_file=./simulation/qsim/proyecto.vt
quartus_eda --functional=on --simulation=on --tool=modelsim_oem --format=verilog proyecto -c proyecto
quartus_eda --gen_testbench --check_outputs=on --tool=modelsim_oem --format=verilog proyecto -c proyecto --vector_source="D:/Escritorio/Sistemas_Digitales_2024-II/Clases/Proyecto Final/Reset.vwf" --testbench_file=./simulation/qsim/proyecto.vt
quartus_eda --functional=on --simulation=on --tool=modelsim_oem --format=verilog proyecto -c proyecto
quartus_eda --gen_testbench --check_outputs=on --tool=modelsim_oem --format=verilog proyecto -c proyecto --vector_source="D:/Escritorio/Sistemas_Digitales_2024-II/Clases/Proyecto Final/Pastillero.vwf" --testbench_file=./simulation/qsim/proyecto.vt
quartus_eda --functional=on --simulation=on --tool=modelsim_oem --format=verilog proyecto -c proyecto
quartus_eda --gen_testbench --check_outputs=on --tool=modelsim_oem --format=verilog proyecto -c proyecto --vector_source="D:/Escritorio/Sistemas_Digitales_2024-II/Clases/Proyecto Final/Reset.vwf" --testbench_file=./simulation/qsim/proyecto.vt
quartus_eda --functional=on --simulation=on --tool=modelsim_oem --format=verilog proyecto -c proyecto
quartus_eda --gen_testbench --check_outputs=on --tool=modelsim_oem --format=verilog proyecto -c proyecto --vector_source="D:/Escritorio/Sistemas_Digitales_2024-II/Clases/Proyecto Final/Reset.vwf" --testbench_file=./simulation/qsim/proyecto.vt
quartus_eda --functional=on --simulation=on --tool=modelsim_oem --format=verilog proyecto -c proyecto
quartus_eda --gen_testbench --check_outputs=on --tool=modelsim_oem --format=verilog proyecto -c proyecto --vector_source="D:/Escritorio/Sistemas_Digitales_2024-II/Clases/Proyecto Final/Pastillero.vwf" --testbench_file=./simulation/qsim/proyecto.vt
quartus_eda --functional=on --simulation=on --tool=modelsim_oem --format=verilog proyecto -c proyecto
quartus_eda --gen_testbench --check_outputs=on --tool=modelsim_oem --format=verilog proyecto -c proyecto --vector_source="D:/Escritorio/Sistemas_Digitales_2024-II/Clases/Proyecto Final/Reset.vwf" --testbench_file=./simulation/qsim/proyecto.vt
quartus_eda --functional=on --simulation=on --tool=modelsim_oem --format=verilog proyecto -c proyecto



