Flow report for practicas
Tue Apr 16 21:04:25 2024
Quartus II 64-Bit Version 13.0.1 Build 232 06/12/2013 Service Pack 1 SJ Web Edition


---------------------
; Table of Contents ;
---------------------
  1. Legal Notice
  2. Flow Summary
  3. Flow Settings
  4. Flow Non-Default Global Settings
  5. Flow Elapsed Time
  6. Flow OS Summary
  7. Flow Log
  8. Flow Messages
  9. Flow Suppressed Messages



----------------
; Legal Notice ;
----------------
Copyright (C) 1991-2013 Altera Corporation
Your use of Altera Corporation's design tools, logic functions 
and other software and tools, and its AMPP partner logic 
functions, and any output files from any of the foregoing 
(including device programming or simulation files), and any 
associated documentation or information are expressly subject 
to the terms and conditions of the Altera Program License 
Subscription Agreement, Altera MegaCore Function License 
Agreement, or other applicable license agreement, including, 
without limitation, that your use is for the sole purpose of 
programming logic devices manufactured by Altera and sold by 
Altera or its authorized distributors.  Please refer to the 
applicable agreement for further details.



+--------------------------------------------------------------------------------------+
; Flow Summary                                                                         ;
+------------------------------------+-------------------------------------------------+
; Flow Status                        ; Successful - Tue Apr 16 21:04:25 2024           ;
; Quartus II 64-Bit Version          ; 13.0.1 Build 232 06/12/2013 SP 1 SJ Web Edition ;
; Revision Name                      ; practicas                                       ;
; Top-level Entity Name              ; seqdiv                                          ;
; Family                             ; Cyclone III                                     ;
; Device                             ; EP3C16F484C6                                    ;
; Timing Models                      ; Final                                           ;
; Total logic elements               ; 69 / 15,408 ( < 1 % )                           ;
;     Total combinational functions  ; 68 / 15,408 ( < 1 % )                           ;
;     Dedicated logic registers      ; 35 / 15,408 ( < 1 % )                           ;
; Total registers                    ; 35                                              ;
; Total pins                         ; 11 / 347 ( 3 % )                                ;
; Total virtual pins                 ; 0                                               ;
; Total memory bits                  ; 0 / 516,096 ( 0 % )                             ;
; Embedded Multiplier 9-bit elements ; 0 / 112 ( 0 % )                                 ;
; Total PLLs                         ; 0 / 4 ( 0 % )                                   ;
+------------------------------------+-------------------------------------------------+


+-----------------------------------------+
; Flow Settings                           ;
+-------------------+---------------------+
; Option            ; Setting             ;
+-------------------+---------------------+
; Start date & time ; 04/16/2024 21:04:07 ;
; Main task         ; Compilation         ;
; Revision Name     ; practicas           ;
+-------------------+---------------------+


+----------------------------------------------------------------------------------------------------------------------+
; Flow Non-Default Global Settings                                                                                     ;
+-------------------------------------+---------------------------------+---------------+-------------+----------------+
; Assignment Name                     ; Value                           ; Default Value ; Entity Name ; Section Id     ;
+-------------------------------------+---------------------------------+---------------+-------------+----------------+
; COMPILER_SIGNATURE_ID               ; 237901792353627.171332304714872 ; --            ; --          ; --             ;
; EDA_GENERATE_FUNCTIONAL_NETLIST     ; On                              ; --            ; --          ; eda_simulation ;
; EDA_OUTPUT_DATA_FORMAT              ; Verilog Hdl                     ; --            ; --          ; eda_simulation ;
; EDA_SIMULATION_TOOL                 ; ModelSim-Altera (Verilog)       ; <None>        ; --          ; --             ;
; EDA_TIME_SCALE                      ; 1 ps                            ; --            ; --          ; eda_simulation ;
; MAX_CORE_JUNCTION_TEMP              ; 85                              ; --            ; --          ; --             ;
; MIN_CORE_JUNCTION_TEMP              ; 0                               ; --            ; --          ; --             ;
; PARTITION_COLOR                     ; 16764057                        ; --            ; seqdiv      ; Top            ;
; PARTITION_FITTER_PRESERVATION_LEVEL ; PLACEMENT_AND_ROUTING           ; --            ; seqdiv      ; Top            ;
; PARTITION_NETLIST_TYPE              ; SOURCE                          ; --            ; seqdiv      ; Top            ;
; PROJECT_OUTPUT_DIRECTORY            ; output_files                    ; --            ; --          ; --             ;
; TOP_LEVEL_ENTITY                    ; seqdiv                          ; practicas     ; --          ; --             ;
+-------------------------------------+---------------------------------+---------------+-------------+----------------+


+-------------------------------------------------------------------------------------------------------------------------------+
; Flow Elapsed Time                                                                                                             ;
+---------------------------+--------------+-------------------------+---------------------+------------------------------------+
; Module Name               ; Elapsed Time ; Average Processors Used ; Peak Virtual Memory ; Total CPU Time (on all processors) ;
+---------------------------+--------------+-------------------------+---------------------+------------------------------------+
; Analysis & Synthesis      ; 00:00:01     ; 1.0                     ; 4578 MB             ; 00:00:00                           ;
; Fitter                    ; 00:00:04     ; 1.0                     ; 4930 MB             ; 00:00:01                           ;
; Assembler                 ; 00:00:01     ; 1.0                     ; 4544 MB             ; 00:00:00                           ;
; TimeQuest Timing Analyzer ; 00:00:01     ; 1.0                     ; 4585 MB             ; 00:00:00                           ;
; EDA Netlist Writer        ; 00:00:01     ; 1.0                     ; 4501 MB             ; 00:00:00                           ;
; EDA Netlist Writer        ; 00:00:00     ; 1.0                     ; 4509 MB             ; 00:00:00                           ;
; EDA Netlist Writer        ; 00:00:00     ; 1.0                     ; 4509 MB             ; 00:00:00                           ;
; Total                     ; 00:00:08     ; --                      ; --                  ; 00:00:01                           ;
+---------------------------+--------------+-------------------------+---------------------+------------------------------------+


+----------------------------------------------------------------------------------------+
; Flow OS Summary                                                                        ;
+---------------------------+------------------+-----------+------------+----------------+
; Module Name               ; Machine Hostname ; OS Name   ; OS Version ; Processor type ;
+---------------------------+------------------+-----------+------------+----------------+
; Analysis & Synthesis      ; Madri-PC1        ; Windows 7 ; 6.2        ; x86_64         ;
; Fitter                    ; Madri-PC1        ; Windows 7 ; 6.2        ; x86_64         ;
; Assembler                 ; Madri-PC1        ; Windows 7 ; 6.2        ; x86_64         ;
; TimeQuest Timing Analyzer ; Madri-PC1        ; Windows 7 ; 6.2        ; x86_64         ;
; EDA Netlist Writer        ; Madri-PC1        ; Windows 7 ; 6.2        ; x86_64         ;
; EDA Netlist Writer        ; Madri-PC1        ; Windows 7 ; 6.2        ; x86_64         ;
; EDA Netlist Writer        ; Madri-PC1        ; Windows 7 ; 6.2        ; x86_64         ;
+---------------------------+------------------+-----------+------------+----------------+


------------
; Flow Log ;
------------
quartus_map --read_settings_files=on --write_settings_files=off practicas -c practicas
quartus_fit --read_settings_files=off --write_settings_files=off practicas -c practicas
quartus_asm --read_settings_files=off --write_settings_files=off practicas -c practicas
quartus_sta practicas -c practicas
quartus_eda --read_settings_files=off --write_settings_files=off practicas -c practicas
quartus_eda --gen_testbench --check_outputs=on --tool=modelsim_oem --format=verilog practicas -c practicas --vector_source=D:/Escritorio/Sistemas_Digitales_2024-II/Laboratorio/Practicas/seqdiv.vwf --testbench_file=./simulation/qsim/practicas.vt
quartus_eda --functional=on --simulation=on --tool=modelsim_oem --format=verilog practicas -c practicas



